<?xml version="1.0" encoding="UTF-8"?>
<!-- Generated by org.testng.reporters.JUnitXMLReporter -->
<testsuite ignored="0" hostname="DESKTOP-H0SC0VJ" failures="0" tests="1" name="Test01" time="0.872" errors="0" timestamp="16 Jul 2023 06:26:15 GMT">
  <testcase classname="MyRunner.TestRunner" name="@BeforeMethod setUpClass" time="0.0">
    <failure type="org.testng.TestNGException" message="
Parameter &amp;apos;browser&amp;apos; is required by BeforeMethod on method setUpClass but has not been marked @Optional or defined
in C:\Users\Akansha\eclipse-workspace\CucumberSeleniumFramework\testng.xml">
      <![CDATA[org.testng.TestNGException: 
Parameter 'browser' is required by BeforeMethod on method setUpClass but has not been marked @Optional or defined
in C:\Users\Akansha\eclipse-workspace\CucumberSeleniumFramework\testng.xml
... Removed 25 stack frames]]>
    </failure>
  </testcase> <!-- @BeforeMethod setUpClass -->
  <testcase classname="MyRunner.TestRunner" name="feature" time="0.0">
    <skipped/>
  </testcase> <!-- feature -->
</testsuite> <!-- Test01 -->
